TN:
SF:scripts/check-migration-receipt.mjs
FN:23,fail
FN:27,sha256
FN:31,canonicalJson
FN:35,parseArguments
FN:74,readJson
FN:79,validate
FN:82,anonymous_6
FN:87,identityKey
FN:88,anonymous_8
FN:91,exactArray
FN:94,anonymous_10
FN:102,gitText
FN:109,gitZeroSeparated
FN:122,changedSurfaces
FN:153,assertEvidenceReferences
FN:213,runRewriteOracles
FN:228,fetchPinnedSource
FN:260,verifyMigrateRows
FN:293,verifyRewriteRows
FN:329,assertReviewedAuthority
FN:381,verifyExcludeRows
FN:402,main
FN:490,anonymous_22
FN:565,anonymous_23
FN:570,anonymous_24
FN:577,anonymous_25
FN:597,anonymous_26
FNDA:6,fail
FNDA:20,sha256
FNDA:3,canonicalJson
FNDA:25,parseArguments
FNDA:18,readJson
FNDA:18,validate
FNDA:1,anonymous_6
FNDA:210,identityKey
FNDA:840,anonymous_8
FNDA:5,exactArray
FNDA:70,anonymous_10
FNDA:0,gitText
FNDA:3,gitZeroSeparated
FNDA:3,changedSurfaces
FNDA:0,assertEvidenceReferences
FNDA:0,runRewriteOracles
FNDA:0,fetchPinnedSource
FNDA:0,verifyMigrateRows
FNDA:0,verifyRewriteRows
FNDA:60,assertReviewedAuthority
FNDA:0,verifyExcludeRows
FNDA:105,main
FNDA:105,anonymous_22
FNDA:0,anonymous_23
FNDA:0,anonymous_24
FNDA:0,anonymous_25
FNDA:6,anonymous_26
FNF:27
FNH:17
BRDA:1,0,0,6
BRDA:23,1,0,6
BRDA:27,2,0,20
BRDA:31,3,0,3
BRDA:35,4,0,6
BRDA:46,5,0,25
BRDA:44,6,0,0
BRDA:49,7,0,0
BRDA:54,8,0,0
BRDA:74,9,0,18
BRDA:79,10,0,18
BRDA:80,11,0,2
BRDA:80,12,0,1
BRDA:81,13,0,0
BRDA:82,14,0,1
BRDA:87,15,0,210
BRDA:88,16,0,840
BRDA:91,17,0,5
BRDA:95,18,0,0
BRDA:94,19,0,70
BRDA:109,20,0,3
BRDA:115,21,0,0
BRDA:122,22,0,3
BRDA:133,23,0,0
BRDA:329,24,0,5
BRDA:374,25,0,60
BRDA:375,26,0,1
BRDA:331,27,0,0
BRDA:402,28,0,6
BRDA:438,29,0,16
BRDA:443,30,0,12
BRDA:478,31,0,84
BRDA:480,32,0,57
BRDA:480,33,0,27
BRDA:481,34,0,105
BRDA:486,35,0,27
BRDA:439,36,0,0
BRDA:444,37,0,0
BRDA:456,38,0,0
BRDA:471,39,0,0
BRDA:484,40,0,0
BRDA:491,41,0,0
BRDA:497,42,0,0
BRDA:517,43,0,0
BRDA:542,44,0,0
BRDA:580,45,0,0
BRDA:490,46,0,105
BRDA:597,47,0,6
BRDA:599,48,0,0
BRF:49
BRH:30
DA:1,6
DA:2,6
DA:3,6
DA:4,6
DA:5,6
DA:6,6
DA:7,6
DA:8,6
DA:9,6
DA:10,6
DA:11,6
DA:12,6
DA:13,6
DA:14,6
DA:15,6
DA:16,6
DA:17,6
DA:18,6
DA:19,6
DA:20,6
DA:21,6
DA:22,6
DA:23,6
DA:24,6
DA:25,6
DA:26,6
DA:27,20
DA:28,20
DA:29,20
DA:30,6
DA:31,3
DA:32,3
DA:33,3
DA:34,6
DA:35,6
DA:36,6
DA:37,6
DA:38,6
DA:39,6
DA:40,6
DA:41,6
DA:42,6
DA:43,6
DA:44,6
DA:45,6
DA:46,6
DA:47,25
DA:48,25
DA:49,25
DA:50,0
DA:51,0
DA:52,25
DA:53,25
DA:54,6
DA:55,0
DA:56,0
DA:57,6
DA:58,6
DA:59,6
DA:60,6
DA:61,6
DA:62,6
DA:63,6
DA:64,6
DA:65,6
DA:66,6
DA:67,6
DA:68,6
DA:69,6
DA:70,6
DA:71,6
DA:72,6
DA:73,6
DA:74,18
DA:75,18
DA:76,18
DA:77,18
DA:78,6
DA:79,18
DA:80,18
DA:81,18
DA:82,18
DA:83,18
DA:84,18
DA:85,18
DA:86,6
DA:87,210
DA:88,210
DA:89,210
DA:90,6
DA:91,5
DA:92,5
DA:93,5
DA:94,5
DA:95,5
DA:96,0
DA:97,0
DA:98,0
DA:99,0
DA:100,5
DA:101,6
DA:102,0
DA:103,0
DA:104,0
DA:105,0
DA:106,0
DA:107,0
DA:108,6
DA:109,3
DA:110,3
DA:111,3
DA:112,3
DA:113,3
DA:114,3
DA:115,3
DA:116,0
DA:117,0
DA:118,0
DA:119,0
DA:120,3
DA:121,6
DA:122,3
DA:123,3
DA:124,3
DA:125,3
DA:126,3
DA:127,3
DA:128,3
DA:129,3
DA:130,3
DA:131,3
DA:132,3
DA:133,3
DA:134,0
DA:135,0
DA:136,0
DA:137,0
DA:138,0
DA:139,0
DA:140,0
DA:141,0
DA:142,0
DA:143,0
DA:144,0
DA:145,0
DA:146,0
DA:147,0
DA:148,0
DA:149,0
DA:150,0
DA:151,3
DA:152,6
DA:153,0
DA:154,0
DA:155,0
DA:156,0
DA:157,0
DA:158,0
DA:159,0
DA:160,0
DA:161,0
DA:162,0
DA:163,0
DA:164,0
DA:165,0
DA:166,0
DA:167,0
DA:168,0
DA:169,0
DA:170,0
DA:171,0
DA:172,0
DA:173,0
DA:174,0
DA:175,0
DA:176,0
DA:177,0
DA:178,0
DA:179,0
DA:180,0
DA:181,0
DA:182,0
DA:183,0
DA:184,0
DA:185,0
DA:186,0
DA:187,0
DA:188,0
DA:189,0
DA:190,0
DA:191,0
DA:192,0
DA:193,0
DA:194,0
DA:195,0
DA:196,0
DA:197,0
DA:198,0
DA:199,0
DA:200,0
DA:201,0
DA:202,0
DA:203,0
DA:204,0
DA:205,0
DA:206,0
DA:207,0
DA:208,0
DA:209,0
DA:210,0
DA:211,0
DA:212,6
DA:213,0
DA:214,0
DA:215,0
DA:216,0
DA:217,0
DA:218,0
DA:219,0
DA:220,0
DA:221,0
DA:222,0
DA:223,0
DA:224,0
DA:225,0
DA:226,0
DA:227,6
DA:228,0
DA:229,0
DA:230,0
DA:231,0
DA:232,0
DA:233,0
DA:234,0
DA:235,0
DA:236,0
DA:237,0
DA:238,0
DA:239,0
DA:240,0
DA:241,0
DA:242,0
DA:243,0
DA:244,0
DA:245,0
DA:246,0
DA:247,0
DA:248,0
DA:249,0
DA:250,0
DA:251,0
DA:252,0
DA:253,0
DA:254,0
DA:255,0
DA:256,0
DA:257,0
DA:258,0
DA:259,6
DA:260,0
DA:261,0
DA:262,0
DA:263,0
DA:264,0
DA:265,0
DA:266,0
DA:267,0
DA:268,0
DA:269,0
DA:270,0
DA:271,0
DA:272,0
DA:273,0
DA:274,0
DA:275,0
DA:276,0
DA:277,0
DA:278,0
DA:279,0
DA:280,0
DA:281,0
DA:282,0
DA:283,0
DA:284,0
DA:285,0
DA:286,0
DA:287,0
DA:288,0
DA:289,0
DA:290,0
DA:291,0
DA:292,6
DA:293,0
DA:294,0
DA:295,0
DA:296,0
DA:297,0
DA:298,0
DA:299,0
DA:300,0
DA:301,0
DA:302,0
DA:303,0
DA:304,0
DA:305,0
DA:306,0
DA:307,0
DA:308,0
DA:309,0
DA:310,0
DA:311,0
DA:312,0
DA:313,0
DA:314,0
DA:315,0
DA:316,0
DA:317,0
DA:318,0
DA:319,0
DA:320,0
DA:321,0
DA:322,0
DA:323,0
DA:324,0
DA:325,0
DA:326,0
DA:327,0
DA:328,6
DA:329,5
DA:330,5
DA:331,5
DA:332,0
DA:333,0
DA:334,5
DA:335,5
DA:336,5
DA:337,5
DA:338,5
DA:339,5
DA:340,5
DA:341,5
DA:342,5
DA:343,5
DA:344,5
DA:345,5
DA:346,5
DA:347,5
DA:348,5
DA:349,5
DA:350,5
DA:351,5
DA:352,5
DA:353,5
DA:354,5
DA:355,5
DA:356,5
DA:357,5
DA:358,5
DA:359,5
DA:360,5
DA:361,5
DA:362,5
DA:363,5
DA:364,5
DA:365,5
DA:366,5
DA:367,5
DA:368,5
DA:369,5
DA:370,5
DA:371,5
DA:372,5
DA:373,5
DA:374,5
DA:375,60
DA:376,1
DA:377,1
DA:378,60
DA:379,5
DA:380,6
DA:381,0
DA:382,0
DA:383,0
DA:384,0
DA:385,0
DA:386,0
DA:387,0
DA:388,0
DA:389,0
DA:390,0
DA:391,0
DA:392,0
DA:393,0
DA:394,0
DA:395,0
DA:396,0
DA:397,0
DA:398,0
DA:399,0
DA:400,0
DA:401,6
DA:402,6
DA:403,6
DA:404,6
DA:405,6
DA:406,6
DA:407,6
DA:408,6
DA:409,6
DA:410,6
DA:411,6
DA:412,6
DA:413,6
DA:414,6
DA:415,6
DA:416,6
DA:417,6
DA:418,6
DA:419,6
DA:420,6
DA:421,6
DA:422,6
DA:423,6
DA:424,6
DA:425,6
DA:426,6
DA:427,6
DA:428,6
DA:429,6
DA:430,6
DA:431,6
DA:432,6
DA:433,6
DA:434,6
DA:435,6
DA:436,6
DA:437,6
DA:438,6
DA:439,16
DA:440,0
DA:441,0
DA:442,16
DA:443,6
DA:444,12
DA:445,0
DA:446,0
DA:447,12
DA:448,6
DA:449,6
DA:450,6
DA:451,6
DA:452,6
DA:453,6
DA:454,6
DA:455,6
DA:456,6
DA:457,0
DA:458,0
DA:459,6
DA:460,6
DA:461,6
DA:462,6
DA:463,6
DA:464,6
DA:465,6
DA:466,6
DA:467,6
DA:468,6
DA:469,6
DA:470,6
DA:471,6
DA:472,0
DA:473,0
DA:474,6
DA:475,6
DA:476,6
DA:477,6
DA:478,6
DA:479,84
DA:480,84
DA:481,84
DA:482,105
DA:483,105
DA:484,105
DA:485,105
DA:486,105
DA:487,27
DA:488,6
DA:489,6
DA:490,6
DA:491,6
DA:492,0
DA:493,0
DA:494,6
DA:495,6
DA:496,6
DA:497,6
DA:498,0
DA:499,0
DA:500,0
DA:501,0
DA:502,0
DA:503,0
DA:504,0
DA:505,0
DA:506,0
DA:507,0
DA:508,0
DA:509,0
DA:510,0
DA:511,0
DA:512,0
DA:513,0
DA:514,0
DA:515,0
DA:516,0
DA:517,6
DA:518,0
DA:519,0
DA:520,0
DA:521,0
DA:522,0
DA:523,0
DA:524,0
DA:525,0
DA:526,0
DA:527,0
DA:528,0
DA:529,0
DA:530,0
DA:531,0
DA:532,0
DA:533,0
DA:534,0
DA:535,0
DA:536,0
DA:537,0
DA:538,0
DA:539,0
DA:540,0
DA:541,0
DA:542,6
DA:543,0
DA:544,0
DA:545,0
DA:546,0
DA:547,0
DA:548,0
DA:549,0
DA:550,0
DA:551,0
DA:552,0
DA:553,0
DA:554,0
DA:555,0
DA:556,0
DA:557,0
DA:558,0
DA:559,0
DA:560,0
DA:561,0
DA:562,0
DA:563,0
DA:564,0
DA:565,0
DA:566,0
DA:567,0
DA:568,0
DA:569,0
DA:570,0
DA:571,0
DA:572,0
DA:573,6
DA:574,6
DA:575,6
DA:576,6
DA:577,6
DA:578,6
DA:579,6
DA:580,6
DA:581,0
DA:582,0
DA:583,0
DA:584,0
DA:585,0
DA:586,0
DA:587,0
DA:588,0
DA:589,0
DA:590,6
DA:591,6
DA:592,6
DA:593,6
DA:594,6
DA:595,6
DA:596,6
DA:597,6
DA:598,6
DA:599,6
DA:600,6
DA:601,6
DA:602,6
LH:282
LF:602
end_of_record
SF:tests/governance-policy.test.mjs
FN:30,readText
FN:34,readJson
FN:38,canonicalJson
FN:42,sha256
FN:46,repositoryPaths
FN:71,createRepositoryFixture
FN:100,runMigrationChecker
FN:117,collectByKey
FN:130,workflowEntries
FN:131,anonymous_9
FN:138,anonymous_10
FN:187,anonymous_11
FN:207,anonymous_12
FN:214,anonymous_13
FN:215,anonymous_14
FN:219,anonymous_15
FN:220,anonymous_16
FN:225,anonymous_17
FN:259,anonymous_18
FN:281,anonymous_19
FN:298,anonymous_20
FN:357,anonymous_21
FN:364,anonymous_22
FN:420,anonymous_23
FN:428,anonymous_24
FN:443,anonymous_25
FN:461,anonymous_26
FN:475,anonymous_27
FN:506,anonymous_28
FNDA:18,readText
FNDA:6,readJson
FNDA:5,canonicalJson
FNDA:3,sha256
FNDA:0,repositoryPaths
FNDA:3,createRepositoryFixture
FNDA:2,runMigrationChecker
FNDA:367,collectByKey
FNDA:1,workflowEntries
FNDA:3,anonymous_9
FNDA:9,anonymous_10
FNDA:2,anonymous_11
FNDA:2,anonymous_12
FNDA:6,anonymous_13
FNDA:6,anonymous_14
FNDA:4,anonymous_15
FNDA:2,anonymous_16
FNDA:14,anonymous_17
FNDA:1,anonymous_18
FNDA:1,anonymous_19
FNDA:3,anonymous_20
FNDA:1,anonymous_21
FNDA:28,anonymous_22
FNDA:1,anonymous_23
FNDA:35,anonymous_24
FNDA:1,anonymous_25
FNDA:0,anonymous_26
FNDA:1,anonymous_27
FNDA:1,anonymous_28
FNF:29
FNH:27
BRDA:1,0,0,1
BRDA:30,1,0,18
BRDA:34,2,0,6
BRDA:38,3,0,5
BRDA:42,4,0,3
BRDA:71,5,0,3
BRDA:84,6,0,0
BRDA:100,7,0,2
BRDA:117,8,0,367
BRDA:118,9,0,19
BRDA:119,10,0,53
BRDA:121,11,0,348
BRDA:122,12,0,322
BRDA:122,13,0,219
BRDA:122,14,0,129
BRDA:123,15,0,306
BRDA:124,16,0,15
BRDA:126,17,0,129
BRDA:130,18,0,1
BRDA:131,19,0,3
BRDA:138,20,0,1
BRDA:142,21,0,3
BRDA:156,22,0,9
BRDA:158,23,0,0
BRDA:162,24,0,0
BRDA:162,25,0,5
BRDA:163,26,0,1
BRDA:165,27,0,1
BRDA:166,28,0,1
BRDA:171,29,0,4
BRDA:187,30,0,1
BRDA:193,31,0,2
BRDA:207,32,0,1
BRDA:211,33,0,2
BRDA:217,34,0,0
BRDA:214,35,0,6
BRDA:215,36,0,6
BRDA:219,37,0,4
BRDA:219,38,0,0
BRDA:220,39,0,2
BRDA:225,40,0,1
BRDA:248,41,0,14
BRDA:259,42,0,1
BRDA:273,43,0,0
BRDA:281,44,0,1
BRDA:292,45,0,0
BRDA:293,46,0,0
BRDA:298,47,0,1
BRDA:325,48,0,3
BRDA:351,49,0,0
BRDA:357,50,0,1
BRDA:364,51,0,28
BRDA:420,52,0,1
BRDA:428,53,0,35
BRDA:443,54,0,1
BRDA:470,55,0,0
BRDA:475,56,0,1
BRDA:491,57,0,0
BRDA:506,58,0,1
BRF:59
BRH:48
DA:1,1
DA:2,1
DA:3,1
DA:4,1
DA:5,1
DA:6,1
DA:7,1
DA:8,1
DA:9,1
DA:10,1
DA:11,1
DA:12,1
DA:13,1
DA:14,1
DA:15,1
DA:16,1
DA:17,1
DA:18,1
DA:19,1
DA:20,1
DA:21,1
DA:22,1
DA:23,1
DA:24,1
DA:25,1
DA:26,1
DA:27,1
DA:28,1
DA:29,1
DA:30,18
DA:31,18
DA:32,18
DA:33,1
DA:34,6
DA:35,6
DA:36,6
DA:37,1
DA:38,5
DA:39,5
DA:40,5
DA:41,1
DA:42,3
DA:43,3
DA:44,3
DA:45,1
DA:46,0
DA:47,0
DA:48,0
DA:49,0
DA:50,0
DA:51,0
DA:52,0
DA:53,0
DA:54,0
DA:55,0
DA:56,0
DA:57,0
DA:58,0
DA:59,0
DA:60,0
DA:61,0
DA:62,0
DA:63,0
DA:64,0
DA:65,0
DA:66,0
DA:67,0
DA:68,0
DA:69,0
DA:70,1
DA:71,3
DA:72,3
DA:73,3
DA:74,3
DA:75,3
DA:76,3
DA:77,3
DA:78,3
DA:79,3
DA:80,3
DA:81,3
DA:82,3
DA:83,3
DA:84,3
DA:85,0
DA:86,0
DA:87,0
DA:88,0
DA:89,0
DA:90,0
DA:91,0
DA:92,0
DA:93,0
DA:94,0
DA:95,0
DA:96,0
DA:97,0
DA:98,3
DA:99,1
DA:100,2
DA:101,2
DA:102,2
DA:103,2
DA:104,2
DA:105,2
DA:106,2
DA:107,2
DA:108,2
DA:109,2
DA:110,2
DA:111,2
DA:112,2
DA:113,2
DA:114,2
DA:115,2
DA:116,1
DA:117,367
DA:118,367
DA:119,19
DA:120,19
DA:121,19
DA:122,367
DA:123,367
DA:124,306
DA:125,306
DA:126,306
DA:127,129
DA:128,367
DA:129,1
DA:130,1
DA:131,1
DA:132,3
DA:133,3
DA:134,3
DA:135,1
DA:136,1
DA:137,1
DA:138,1
DA:139,1
DA:140,1
DA:141,1
DA:142,1
DA:143,3
DA:144,3
DA:145,3
DA:146,3
DA:147,3
DA:148,3
DA:149,3
DA:150,3
DA:151,3
DA:152,3
DA:153,3
DA:154,3
DA:155,3
DA:156,3
DA:157,9
DA:158,9
DA:159,9
DA:160,9
DA:161,3
DA:162,3
DA:163,5
DA:164,5
DA:165,5
DA:166,5
DA:167,1
DA:168,1
DA:169,1
DA:170,1
DA:171,5
DA:172,5
DA:173,5
DA:174,5
DA:175,5
DA:176,5
DA:177,5
DA:178,3
DA:179,1
DA:180,1
DA:181,1
DA:182,1
DA:183,1
DA:184,1
DA:185,1
DA:186,1
DA:187,1
DA:188,1
DA:189,1
DA:190,1
DA:191,1
DA:192,1
DA:193,1
DA:194,2
DA:195,2
DA:196,2
DA:197,2
DA:198,2
DA:199,2
DA:200,2
DA:201,2
DA:202,2
DA:203,2
DA:204,2
DA:205,1
DA:206,1
DA:207,1
DA:208,1
DA:209,1
DA:210,1
DA:211,1
DA:212,2
DA:213,2
DA:214,2
DA:215,2
DA:216,2
DA:217,2
DA:218,2
DA:219,2
DA:220,2
DA:221,2
DA:222,2
DA:223,1
DA:224,1
DA:225,1
DA:226,1
DA:227,1
DA:228,1
DA:229,1
DA:230,1
DA:231,1
DA:232,1
DA:233,1
DA:234,1
DA:235,1
DA:236,1
DA:237,1
DA:238,1
DA:239,1
DA:240,1
DA:241,1
DA:242,1
DA:243,1
DA:244,1
DA:245,1
DA:246,1
DA:247,1
DA:248,1
DA:249,14
DA:250,14
DA:251,14
DA:252,14
DA:253,14
DA:254,14
DA:255,14
DA:256,14
DA:257,1
DA:258,1
DA:259,1
DA:260,1
DA:261,1
DA:262,1
DA:263,1
DA:264,1
DA:265,1
DA:266,1
DA:267,1
DA:268,1
DA:269,1
DA:270,1
DA:271,1
DA:272,1
DA:273,1
DA:274,1
DA:275,1
DA:276,1
DA:277,1
DA:278,1
DA:279,1
DA:280,1
DA:281,1
DA:282,1
DA:283,1
DA:284,1
DA:285,1
DA:286,1
DA:287,1
DA:288,1
DA:289,1
DA:290,1
DA:291,1
DA:292,1
DA:293,1
DA:294,0
DA:295,0
DA:296,1
DA:297,1
DA:298,1
DA:299,1
DA:300,1
DA:301,1
DA:302,1
DA:303,1
DA:304,1
DA:305,1
DA:306,1
DA:307,1
DA:308,1
DA:309,1
DA:310,1
DA:311,1
DA:312,1
DA:313,1
DA:314,1
DA:315,1
DA:316,1
DA:317,1
DA:318,1
DA:319,1
DA:320,1
DA:321,1
DA:322,1
DA:323,1
DA:324,1
DA:325,1
DA:326,3
DA:327,3
DA:328,3
DA:329,3
DA:330,3
DA:331,3
DA:332,3
DA:333,3
DA:334,3
DA:335,3
DA:336,3
DA:337,3
DA:338,3
DA:339,3
DA:340,3
DA:341,3
DA:342,3
DA:343,3
DA:344,3
DA:345,3
DA:346,3
DA:347,3
DA:348,3
DA:349,3
DA:350,3
DA:351,3
DA:352,1
DA:353,1
DA:354,1
DA:355,1
DA:356,1
DA:357,1
DA:358,1
DA:359,1
DA:360,1
DA:361,1
DA:362,1
DA:363,1
DA:364,1
DA:365,28
DA:366,28
DA:367,28
DA:368,28
DA:369,1
DA:370,1
DA:371,1
DA:372,1
DA:373,1
DA:374,1
DA:375,1
DA:376,1
DA:377,1
DA:378,1
DA:379,1
DA:380,1
DA:381,1
DA:382,1
DA:383,1
DA:384,1
DA:385,1
DA:386,1
DA:387,1
DA:388,1
DA:389,1
DA:390,1
DA:391,1
DA:392,1
DA:393,1
DA:394,1
DA:395,1
DA:396,1
DA:397,1
DA:398,1
DA:399,1
DA:400,1
DA:401,1
DA:402,1
DA:403,1
DA:404,1
DA:405,1
DA:406,1
DA:407,1
DA:408,1
DA:409,1
DA:410,1
DA:411,1
DA:412,1
DA:413,1
DA:414,1
DA:415,1
DA:416,1
DA:417,1
DA:418,1
DA:419,1
DA:420,1
DA:421,1
DA:422,1
DA:423,1
DA:424,1
DA:425,1
DA:426,1
DA:427,1
DA:428,1
DA:429,35
DA:430,35
DA:431,1
DA:432,1
DA:433,1
DA:434,1
DA:435,1
DA:436,1
DA:437,1
DA:438,1
DA:439,1
DA:440,1
DA:441,1
DA:442,1
DA:443,1
DA:444,1
DA:445,1
DA:446,1
DA:447,1
DA:448,1
DA:449,1
DA:450,1
DA:451,1
DA:452,1
DA:453,1
DA:454,1
DA:455,1
DA:456,1
DA:457,1
DA:458,1
DA:459,1
DA:460,1
DA:461,1
DA:462,0
DA:463,0
DA:464,1
DA:465,1
DA:466,1
DA:467,1
DA:468,1
DA:469,1
DA:470,1
DA:471,0
DA:472,0
DA:473,1
DA:474,1
DA:475,1
DA:476,1
DA:477,1
DA:478,1
DA:479,1
DA:480,1
DA:481,1
DA:482,1
DA:483,1
DA:484,1
DA:485,1
DA:486,1
DA:487,1
DA:488,1
DA:489,1
DA:490,1
DA:491,1
DA:492,0
DA:493,0
DA:494,0
DA:495,0
DA:496,0
DA:497,0
DA:498,0
DA:499,0
DA:500,0
DA:501,0
DA:502,0
DA:503,0
DA:504,1
DA:505,1
DA:506,1
DA:507,1
DA:508,1
DA:509,1
DA:510,1
DA:511,1
DA:512,1
DA:513,1
DA:514,1
DA:515,1
DA:516,1
DA:517,1
DA:518,1
DA:519,1
DA:520,1
DA:521,1
DA:522,1
DA:523,1
DA:524,1
DA:525,1
DA:526,1
DA:527,1
DA:528,1
DA:529,1
DA:530,1
LH:475
LF:530
end_of_record
